<?xml version="1.0" encoding="UTF-8"?>
<testng-results skipped="0" failed="0" ignored="0" total="1" passed="1">
  <reporter-output>
  </reporter-output>
  <suite name="Default suite" duration-ms="49993" started-at="2021-09-29T11:23:59Z" finished-at="2021-09-29T11:24:49Z">
    <groups>
    </groups>
    <test name="Default test" duration-ms="49993" started-at="2021-09-29T11:23:59Z" finished-at="2021-09-29T11:24:49Z">
      <class name="project.TestClass">
        <test-method status="PASS" signature="test()[pri:0, instance:project.TestClass@7e0e6aa2]" name="test" duration-ms="49100" started-at="2021-09-29T11:23:59Z" finished-at="2021-09-29T11:24:49Z">
          <reporter-output>
          </reporter-output>
        </test-method> <!-- test -->
        <test-method status="PASS" signature="endReport()[pri:0, instance:project.TestClass@7e0e6aa2]" name="endReport" is-config="true" duration-ms="823" started-at="2021-09-29T11:24:49Z" finished-at="2021-09-29T11:24:49Z">
          <reporter-output>
          </reporter-output>
        </test-method> <!-- endReport -->
      </class> <!-- project.TestClass -->
    </test> <!-- Default test -->
  </suite> <!-- Default suite -->
</testng-results>
